#
# There is insufficient memory for the Java Runtime Environment to continue.
# Native memory allocation (mmap) failed to map 9805824 bytes for committing reserved memory.
# Possible reasons:
#   The system is out of physical RAM or swap space
#   In 32 bit mode, the process size limit was hit
# Possible solutions:
#   Reduce memory load on the system
#   Increase physical memory or swap space
#   Check if swap backing store is full
#   Use 64 bit Java on a 64 bit OS
#   Decrease Java heap size (-Xmx/-Xms)
#   Decrease number of Java threads
#   Decrease Java thread stack sizes (-Xss)
#   Set larger code cache with -XX:ReservedCodeCacheSize=
# This output file may be truncated or incomplete.
#
#  Out of Memory Error (os_linux.cpp:2627), pid=17449, tid=1695429744
#
# JRE version: Java(TM) SE Runtime Environment (8.0_65-b17) (build 1.8.0_65-b17)
# Java VM: Java HotSpot(TM) Client VM (25.65-b01 mixed mode linux-arm )
# Failed to write core dump. Core dumps have been disabled. To enable core dumping, try "ulimit -c unlimited" before starting Java again
#

---------------  T H R E A D  ---------------

Current thread (0x7625d800):  VMThread [stack: 0x65064000,0x650e4000] [id=17475]

Stack: [0x65064000,0x650e4000]
VM_Operation (0x76367e94): GenCollectForAllocation, mode: safepoint, requested by thread 0x76207800


---------------  P R O C E S S  ---------------

Java Threads: ( => current thread )
  0x76284000 JavaThread "Service Thread" daemon [_thread_blocked, id=17480, stack(0x64e10000,0x64e60000)]
  0x76280c00 JavaThread "C1 CompilerThread0" daemon [_thread_blocked, id=17479, stack(0x64880000,0x64900000)]
  0x7627f400 JavaThread "Signal Dispatcher" daemon [_thread_blocked, id=17478, stack(0x64e60000,0x64eb0000)]
  0x76262400 JavaThread "Finalizer" daemon [_thread_blocked, id=17477, stack(0x64eb0000,0x64f00000)]
  0x76260c00 JavaThread "Reference Handler" daemon [_thread_blocked, id=17476, stack(0x65014000,0x65064000)]
  0x76207800 JavaThread "main" [_thread_blocked, id=17474, stack(0x7631a000,0x7636a000)]

Other Threads:
=>0x7625d800 VMThread [stack: 0x65064000,0x650e4000] [id=17475]
  0x76286000 WatcherThread [stack: 0x64800000,0x64880000] [id=17481]

VM state:at safepoint (normal execution)

VM Mutex/Monitor currently owned by a thread:  ([mutex/lock_event])
[0x76204d08] Threads_lock - owner thread: 0x7625d800
[0x76205118] Heap_lock - owner thread: 0x76207800

Heap:
 def new generation   total 11008K, used 0K [0x65800000, 0x663e0000, 0x6a540000)
  eden space 9856K,   0% used [0x65800000, 0x65800000, 0x661a0000)
  from space 1152K,   0% used [0x662c0000, 0x662c0000, 0x663e0000)
  to   space 1152K,   0% used [0x661a0000, 0x661a0000, 0x662c0000)
 tenured generation   total 24776K, used 20608K [0x6a540000, 0x6bd72000, 0x74000000)
   the space 24776K,  83% used [0x6a540000, 0x6b960390, 0x6b960400, 0x6bd72000)
 Metaspace       used 15603K, capacity 15953K, committed 16024K, reserved 16688K

Card table byte_map: [0x74031000,0x740a6000] byte_map_base: 0x73d05000

Polling page: 0x76fca000

CodeCache: size=32768Kb used=3590Kb max_used=3591Kb free=29177Kb
 bounds [0x74126000, 0x744ae000, 0x76126000]
 total_blobs=2187 nmethods=2016 adapters=102
 compilation: enabled

Compilation events (10 events):
Event: 446.815 Thread 0x76280c00 nmethod 2044 0x744a75c8 code [0x744a76b0, 0x744a7754]
Event: 446.815 Thread 0x76280c00 2045             org.codehaus.plexus.util.IOUtil::copy (31 bytes)
Event: 446.817 Thread 0x76280c00 nmethod 2045 0x744a77c8 code [0x744a78c0, 0x744a7a10]
Event: 446.817 Thread 0x76280c00 2046             org.apache.maven.plugins.shade.DefaultShader::isFiltered (45 bytes)
Event: 446.822 Thread 0x76280c00 nmethod 2046 0x744a7b08 code [0x744a7c50, 0x744a7ef8]
Event: 457.716 Thread 0x76280c00 2047             java.nio.charset.CharsetDecoder::maxCharsPerByte (5 bytes)
Event: 463.382 Thread 0x76280c00 nmethod 2047 0x744a8208 code [0x744a82e0, 0x744a8368]
Event: 469.524 Thread 0x76280c00 2048             java.util.HashSet::isEmpty (8 bytes)
Event: 477.646 Thread 0x76280c00 nmethod 2048 0x744a83c8 code [0x744a84b0, 0x744a8548]
Event: 553.609 Thread 0x76280c00 2049             sun.util.calendar.Gregorian$Date::getNormalizedYear (5 bytes)

GC Heap History (10 events):
Event: 54.697 GC heap after
Heap after GC invocations=53 (full 2):
 def new generation   total 11008K, used 381K [0x65800000, 0x663e0000, 0x6a540000)
  eden space 9856K,   0% used [0x65800000, 0x65800000, 0x661a0000)
  from space 1152K,  33% used [0x661a0000, 0x661ff428, 0x662c0000)
  to   space 1152K,   0% used [0x662c0000, 0x662c0000, 0x663e0000)
 tenured generation   total 24136K, used 20380K [0x6a540000, 0x6bcd2000, 0x74000000)
   the space 24136K,  84% used [0x6a540000, 0x6b927260, 0x6b927400, 0x6bcd2000)
 Metaspace       used 14622K, capacity 14938K, committed 15000K, reserved 15664K
}
Event: 55.086 GC heap before
{Heap before GC invocations=53 (full 2):
 def new generation   total 11008K, used 10237K [0x65800000, 0x663e0000, 0x6a540000)
  eden space 9856K, 100% used [0x65800000, 0x661a0000, 0x661a0000)
  from space 1152K,  33% used [0x661a0000, 0x661ff428, 0x662c0000)
  to   space 1152K,   0% used [0x662c0000, 0x662c0000, 0x663e0000)
 tenured generation   total 24136K, used 20380K [0x6a540000, 0x6bcd2000, 0x74000000)
   the space 24136K,  84% used [0x6a540000, 0x6b927260, 0x6b927400, 0x6bcd2000)
 Metaspace       used 14624K, capacity 14940K, committed 15000K, reserved 15664K
Event: 55.102 GC heap after
Heap after GC invocations=54 (full 2):
 def new generation   total 11008K, used 888K [0x65800000, 0x663e0000, 0x6a540000)
  eden space 9856K,   0% used [0x65800000, 0x65800000, 0x661a0000)
  from space 1152K,  77% used [0x662c0000, 0x6639e0a8, 0x663e0000)
  to   space 1152K,   0% used [0x661a0000, 0x661a0000, 0x662c0000)
 tenured generation   total 24136K, used 20380K [0x6a540000, 0x6bcd2000, 0x74000000)
   the space 24136K,  84% used [0x6a540000, 0x6b927260, 0x6b927400, 0x6bcd2000)
 Metaspace       used 14624K, capacity 14940K, committed 15000K, reserved 15664K
}
Event: 92.113 GC heap before
{Heap before GC invocations=54 (full 2):
 def new generation   total 11008K, used 10744K [0x65800000, 0x663e0000, 0x6a540000)
  eden space 9856K, 100% used [0x65800000, 0x661a0000, 0x661a0000)
  from space 1152K,  77% used [0x662c0000, 0x6639e0a8, 0x663e0000)
  to   space 1152K,   0% used [0x661a0000, 0x661a0000, 0x662c0000)
 tenured generation   total 24136K, used 20380K [0x6a540000, 0x6bcd2000, 0x74000000)
   the space 24136K,  84% used [0x6a540000, 0x6b927260, 0x6b927400, 0x6bcd2000)
 Metaspace       used 14887K, capacity 15249K, committed 15256K, reserved 15664K
Event: 92.133 GC heap after
Heap after GC invocations=55 (full 2):
 def new generation   total 11008K, used 1152K [0x65800000, 0x663e0000, 0x6a540000)
  eden space 9856K,   0% used [0x65800000, 0x65800000, 0x661a0000)
  from space 1152K, 100% used [0x661a0000, 0x662c0000, 0x662c0000)
  to   space 1152K,   0% used [0x662c0000, 0x662c0000, 0x663e0000)
 tenured generation   total 24136K, used 21152K [0x6a540000, 0x6bcd2000, 0x74000000)
   the space 24136K,  87% used [0x6a540000, 0x6b9e80f0, 0x6b9e8200, 0x6bcd2000)
 Metaspace       used 14887K, capacity 15249K, committed 15256K, reserved 15664K
}
Event: 257.497 GC heap before
{Heap before GC invocations=55 (full 2):
 def new generation   total 11008K, used 11008K [0x65800000, 0x663e0000, 0x6a540000)
  eden space 9856K, 100% used [0x65800000, 0x661a0000, 0x661a0000)
  from space 1152K, 100% used [0x661a0000, 0x662c0000, 0x662c0000)
  to   space 1152K,   0% used [0x662c0000, 0x662c0000, 0x663e0000)
 tenured generation   total 24136K, used 21152K [0x6a540000, 0x6bcd2000, 0x74000000)
   the space 24136K,  87% used [0x6a540000, 0x6b9e80f0, 0x6b9e8200, 0x6bcd2000)
 Metaspace       used 15603K, capacity 15953K, committed 16024K, reserved 16688K
Event: 262.729 GC heap after
Heap after GC invocations=56 (full 2):
 def new generation   total 11008K, used 1152K [0x65800000, 0x663e0000, 0x6a540000)
  eden space 9856K,   0% used [0x65800000, 0x65800000, 0x661a0000)
  from space 1152K, 100% used [0x662c0000, 0x663e0000, 0x663e0000)
  to   space 1152K,   0% used [0x661a0000, 0x661a0000, 0x662c0000)
 tenured generation   total 24136K, used 22703K [0x6a540000, 0x6bcd2000, 0x74000000)
   the space 24136K,  94% used [0x6a540000, 0x6bb6bd50, 0x6bb6be00, 0x6bcd2000)
 Metaspace       used 15603K, capacity 15953K, committed 16024K, reserved 16688K
}
Event: 386.505 GC heap before
{Heap before GC invocations=56 (full 2):
 def new generation   total 11008K, used 11008K [0x65800000, 0x663e0000, 0x6a540000)
  eden space 9856K, 100% used [0x65800000, 0x661a0000, 0x661a0000)
  from space 1152K, 100% used [0x662c0000, 0x663e0000, 0x663e0000)
  to   space 1152K,   0% used [0x661a0000, 0x661a0000, 0x662c0000)
 tenured generation   total 24136K, used 22703K [0x6a540000, 0x6bcd2000, 0x74000000)
   the space 24136K,  94% used [0x6a540000, 0x6bb6bd50, 0x6bb6be00, 0x6bcd2000)
 Metaspace       used 15603K, capacity 15953K, committed 16024K, reserved 16688K
Event: 394.326 GC heap after
Heap after GC invocations=57 (full 2):
 def new generation   total 11008K, used 1152K [0x65800000, 0x663e0000, 0x6a540000)
  eden space 9856K,   0% used [0x65800000, 0x65800000, 0x661a0000)
  from space 1152K, 100% used [0x661a0000, 0x662c0000, 0x662c0000)
  to   space 1152K,   0% used [0x662c0000, 0x662c0000, 0x663e0000)
 tenured generation   total 24136K, used 23818K [0x6a540000, 0x6bcd2000, 0x74000000)
   the space 24136K,  98% used [0x6a540000, 0x6bc82938, 0x6bc82a00, 0x6bcd2000)
 Metaspace       used 15603K, capacity 15953K, committed 16024K, reserved 16688K
}
Event: 553.679 GC heap before
{Heap before GC invocations=57 (full 2):
 def new generation   total 11008K, used 11008K [0x65800000, 0x663e0000, 0x6a540000)
  eden space 9856K, 100% used [0x65800000, 0x661a0000, 0x661a0000)
  from space 1152K, 100% used [0x661a0000, 0x662c0000, 0x662c0000)
  to   space 1152K,   0% used [0x662c0000, 0x662c0000, 0x663e0000)
 tenured generation   total 24136K, used 23818K [0x6a540000, 0x6bcd2000, 0x74000000)
   the space 24136K,  98% used [0x6a540000, 0x6bc82938, 0x6bc82a00, 0x6bcd2000)
 Metaspace       used 15603K, capacity 15953K, committed 16024K, reserved 16688K

Deoptimization events (0 events):
No events

Internal exceptions (10 events):
Event: 79.867 Thread 0x76207800 Exception <a 'java/lang/ArrayIndexOutOfBoundsException'> (0x65da8778) thrown at [/HUDSON/workspace/8-2-build-glinux-arm-vfp-hflt/jdk8u65/4987/hotspot/src/share/vm/runtime/sharedRuntime.cpp, line 605]
Event: 79.868 Thread 0x76207800 Exception <a 'java/lang/ArrayIndexOutOfBoundsException'> (0x65da9c10) thrown at [/HUDSON/workspace/8-2-build-glinux-arm-vfp-hflt/jdk8u65/4987/hotspot/src/share/vm/runtime/sharedRuntime.cpp, line 605]
Event: 86.729 Thread 0x76207800 Exception <a 'java/lang/NoClassDefFoundError': org/sonatype/aether/resolution/ArtifactResolutionException> (0x65eb3ad0) thrown at [/HUDSON/workspace/8-2-build-glinux-arm-vfp-hflt/jdk8u65/4987/hotspot/src/share/vm/classfile/systemDictionary.cpp, line 199]
Event: 86.732 Thread 0x76207800 Exception <a 'java/lang/NoClassDefFoundError': org/sonatype/aether/installation/InstallationException> (0x65ec20f0) thrown at [/HUDSON/workspace/8-2-build-glinux-arm-vfp-hflt/jdk8u65/4987/hotspot/src/share/vm/classfile/systemDictionary.cpp, line 199]
Event: 90.384 Thread 0x76207800 Exception <a 'java/lang/NoClassDefFoundError': org/sonatype/aether/graph/DependencyNode> (0x65f7a5c0) thrown at [/HUDSON/workspace/8-2-build-glinux-arm-vfp-hflt/jdk8u65/4987/hotspot/src/share/vm/classfile/systemDictionary.cpp, line 199]
Event: 90.393 Thread 0x76207800 Exception <a 'java/lang/NoClassDefFoundError': org/sonatype/aether/RepositoryCache> (0x65f9eba8) thrown at [/HUDSON/workspace/8-2-build-glinux-arm-vfp-hflt/jdk8u65/4987/hotspot/src/share/vm/classfile/systemDictionary.cpp, line 199]
Event: 90.396 Thread 0x76207800 Exception <a 'java/lang/NoClassDefFoundError': org/sonatype/aether/collection/DependencyCollectionException> (0x65fb0470) thrown at [/HUDSON/workspace/8-2-build-glinux-arm-vfp-hflt/jdk8u65/4987/hotspot/src/share/vm/classfile/systemDictionary.cpp, line 199
Event: 90.398 Thread 0x76207800 Exception <a 'java/lang/NoClassDefFoundError': org/sonatype/aether/deployment/DeploymentException> (0x65fbef98) thrown at [/HUDSON/workspace/8-2-build-glinux-arm-vfp-hflt/jdk8u65/4987/hotspot/src/share/vm/classfile/systemDictionary.cpp, line 199]
Event: 91.338 Thread 0x76207800 Exception <a 'java/lang/NoClassDefFoundError': org/sonatype/aether/resolution/ArtifactDescriptorException> (0x660455f0) thrown at [/HUDSON/workspace/8-2-build-glinux-arm-vfp-hflt/jdk8u65/4987/hotspot/src/share/vm/classfile/systemDictionary.cpp, line 199]
Event: 92.046 Thread 0x76207800 Exception <a 'java/lang/NoClassDefFoundError': org/sonatype/aether/RepositoryCache> (0x66069840) thrown at [/HUDSON/workspace/8-2-build-glinux-arm-vfp-hflt/jdk8u65/4987/hotspot/src/share/vm/classfile/systemDictionary.cpp, line 199]

Events (10 events):
Event: 231.952 loading class com/google/common/collect/Sets$2
Event: 231.953 loading class com/google/common/collect/Sets$2 done
Event: 257.481 Executing VM operation: GenCollectForAllocation
Event: 264.898 Executing VM operation: GenCollectForAllocation done
Event: 386.466 Executing VM operation: GenCollectForAllocation
Event: 397.560 Executing VM operation: GenCollectForAllocation done
Event: 398.059 Thread 0x76280c00 flushing nmethod 0x7420ae08
Event: 398.270 Thread 0x76280c00 flushing nmethod 0x7420b208
Event: 479.844 Thread 0x76280c00 flushing nmethod 0x74359388
Event: 553.666 Executing VM operation: GenCollectForAllocation


Dynamic libraries:
00008000-00009000 r-xp 00000000 b3:02 126453     /usr/lib/jvm/jdk-8-oracle-arm32-vfp-hflt/bin/java
00010000-00011000 rw-p 00000000 b3:02 126453     /usr/lib/jvm/jdk-8-oracle-arm32-vfp-hflt/bin/java
00bda000-00bfb000 rw-p 00000000 00:00 0          [heap]
60d00000-60d29000 rw-p 00000000 00:00 0 
60d29000-60e00000 ---p 00000000 00:00 0 
60f00000-61000000 rw-p 00000000 00:00 0 
61000000-610bc000 rw-p 00000000 00:00 0 
610bc000-61100000 ---p 00000000 00:00 0 
61200000-612f9000 rw-p 00000000 00:00 0 
612f9000-61300000 ---p 00000000 00:00 0 
61300000-61360000 rw-p 00000000 00:00 0 
61360000-61400000 ---p 00000000 00:00 0 
61400000-61500000 rw-p 00000000 00:00 0 
61500000-615f9000 rw-p 00000000 00:00 0 
615f9000-61600000 ---p 00000000 00:00 0 
61600000-616f9000 rw-p 00000000 00:00 0 
616f9000-61700000 ---p 00000000 00:00 0 
61700000-61800000 rw-p 00000000 00:00 0 
61800000-61900000 rw-p 00000000 00:00 0 
61900000-61a00000 rw-p 00000000 00:00 0 
61a00000-61af9000 rw-p 00000000 00:00 0 
61af9000-61b00000 ---p 00000000 00:00 0 
61b00000-61b39000 r--s 00218000 b3:02 506698     /home/pi/.m2/repository/org/apache/flink/flink-shaded-guava/18.0-5.0/flink-shaded-guava-18.0-5.0.jar
61b39000-61b3c000 r--s 0001a000 b3:02 126576     /usr/lib/jvm/jdk-8-oracle-arm32-vfp-hflt/jre/lib/jce.jar
61b41000-61b6d000 r--s 00208000 b3:02 505395     /home/pi/.m2/repository/com/google/guava/guava/19.0/guava-19.0.jar
61b6d000-61b6e000 r--s 0000a000 b3:02 505392     /home/pi/.m2/repository/org/ow2/asm/asm-util/5.0.4/asm-util-5.0.4.jar
61b6e000-61b70000 r--s 00004000 b3:02 505388     /home/pi/.m2/repository/org/vafer/jdependency/1.1/jdependency-1.1.jar
61b70000-61b74000 r--s 0002f000 b3:02 385477     /home/pi/.m2/repository/commons-io/commons-io/2.5/commons-io-2.5.jar
61b74000-61b78000 r--s 0001d000 b3:02 130680     /home/pi/.m2/repository/org/eclipse/aether/aether-util/0.9.0.M2/aether-util-0.9.0.M2.jar
61b78000-61b7b000 r--s 0000d000 b3:02 131382     /home/pi/.m2/repository/org/apache/maven/shared/maven-dependency-tree/2.2/maven-dependency-tree-2.2.jar
61b7b000-61b7d000 r--s 00023000 b3:02 505387     /home/pi/.m2/repository/org/jdom/jdom/1.1.3/jdom-1.1.3.jar
61b7d000-61b7f000 r--s 00006000 b3:02 505386     /home/pi/.m2/repository/org/ow2/asm/asm-tree/5.1/asm-tree-5.1.jar
61b7f000-61b81000 r--s 0000a000 b3:02 505381     /home/pi/.m2/repository/org/ow2/asm/asm-commons/5.1/asm-commons-5.1.jar
61b81000-61b87000 r--s 00033000 b3:02 385480     /home/pi/.m2/repository/commons-codec/commons-codec/1.6/commons-codec-1.6.jar
61b87000-61bff000 r--s 010e3000 b3:02 126408     /usr/lib/jvm/jdk-8-oracle-arm32-vfp-hflt/lib/tools.jar
61bff000-63900000 rw-p 00000000 00:00 0 
63900000-639ff000 rw-p 00000000 00:00 0 
639ff000-63a00000 ---p 00000000 00:00 0 
63a00000-63b00000 rw-p 00000000 00:00 0 
63b00000-63c00000 rw-p 00000000 00:00 0 
63c00000-63cf6000 rw-p 00000000 00:00 0 
63cf6000-63d00000 ---p 00000000 00:00 0 
63d00000-63e00000 rw-p 00000000 00:00 0 
63e00000-63f00000 rw-p 00000000 00:00 0 
63f00000-63ff9000 rw-p 00000000 00:00 0 
63ff9000-64000000 ---p 00000000 00:00 0 
64000000-640ff000 rw-p 00000000 00:00 0 
640ff000-64100000 ---p 00000000 00:00 0 
64100000-64200000 rw-p 00000000 00:00 0 
64200000-64300000 rw-p 00000000 00:00 0 
64300000-64400000 rw-p 00000000 00:00 0 
64400000-64401000 r--s 00004000 b3:02 505390     /home/pi/.m2/repository/org/ow2/asm/asm-analysis/5.0.4/asm-analysis-5.0.4.jar
64401000-64403000 r--s 0000c000 b3:02 505379     /home/pi/.m2/repository/org/ow2/asm/asm/5.1/asm-5.1.jar
64403000-64406000 r--s 00023000 b3:02 130956     /home/pi/.m2/repository/org/apache/maven/shared/maven-shared-utils/3.0.0/maven-shared-utils-3.0.0.jar
64406000-64408000 r--s 0000c000 b3:02 505377     /home/pi/.m2/repository/org/apache/maven/shared/maven-common-artifact-filters/3.0.0/maven-common-artifact-filters-3.0.0.jar
64408000-6440d000 r--s 0001a000 b3:02 505373     /home/pi/.m2/repository/org/apache/maven/shared/maven-artifact-transfer/0.9.0/maven-artifact-transfer-0.9.0.jar
6440d000-64411000 r--s 00039000 b3:02 385472     /home/pi/.m2/repository/org/codehaus/plexus/plexus-utils/3.0.24/plexus-utils-3.0.24.jar
64411000-64413000 r--s 00002000 b3:02 130667     /home/pi/.m2/repository/org/sonatype/plexus/plexus-cipher/1.4/plexus-cipher-1.4.jar
64413000-64414000 r--s 00006000 b3:02 130663     /home/pi/.m2/repository/org/sonatype/plexus/plexus-sec-dispatcher/1.3/plexus-sec-dispatcher-1.3.jar
64414000-64416000 r--s 00000000 b3:02 131380     /home/pi/.m2/repository/org/codehaus/plexus/plexus-component-annotations/1.6/plexus-component-annotations-1.6.jar
64416000-64418000 r--s 0000d000 b3:02 256859     /home/pi/.m2/repository/org/codehaus/plexus/plexus-interpolation/1.14/plexus-interpolation-1.14.jar
64418000-6441c000 r--s 00017000 b3:02 256847     /home/pi/.m2/repository/org/sonatype/aether/aether-util/1.7/aether-util-1.7.jar
6441c000-64427000 r--s 00069000 b3:02 130952     /home/pi/.m2/repository/org/sonatype/sisu/sisu-guice/2.1.7/sisu-guice-2.1.7-noaop.jar
64427000-6442c000 r--s 00021000 b3:02 130951     /home/pi/.m2/repository/org/sonatype/sisu/sisu-inject-bean/1.4.2/sisu-inject-bean-1.4.2.jar
6442c000-6442f000 r--s 00019000 b3:02 504876     /home/pi/.m2/repository/org/apache/maven/plugins/maven-shade-plugin/3.0.0/maven-shade-plugin-3.0.0.jar
6442f000-64433000 r--s 0002f000 b3:02 130700     /home/pi/.m2/repository/commons-lang/commons-lang/2.1/commons-lang-2.1.jar
64433000-64436000 r--s 0000c000 b3:02 130673     /home/pi/.m2/repository/org/codehaus/plexus/plexus-io/2.0.2/plexus-io-2.0.2.jar
64436000-6443b000 r--s 00029000 b3:02 130669     /home/pi/.m2/repository/org/codehaus/plexus/plexus-archiver/2.1/plexus-archiver-2.1.jar
6443b000-6443d000 r--s 0000d000 b3:02 130674     /home/pi/.m2/repository/org/codehaus/plexus/plexus-interpolation/1.15/plexus-interpolation-1.15.jar
6443d000-6443f000 r--s 00004000 b3:02 130668     /home/pi/.m2/repository/org/apache/maven/maven-archiver/2.5/maven-archiver-2.5.jar
6443f000-64441000 r--s 00007000 b3:02 505409     /home/pi/.m2/repository/org/apache/maven/plugins/maven-jar-plugin/2.4/maven-jar-plugin-2.4.jar
64441000-64442000 r--s 00003000 b3:02 252667     /home/pi/.m2/repository/org/apache/maven/plugin-tools/maven-plugin-annotations/3.2/maven-plugin-annotations-3.2.jar
64442000-64446000 r--s 00020000 b3:02 252663     /home/pi/.m2/repository/org/apache/maven/surefire/surefire-api/2.17/surefire-api-2.17.jar
64446000-6444c000 r--s 00048000 b3:02 256939     /home/pi/.m2/repository/org/apache/commons/commons-lang3/3.1/commons-lang3-3.1.jar
6444c000-6444d000 r--s 00002000 b3:02 252658     /home/pi/.m2/repository/org/apache/maven/reporting/maven-reporting-api/2.0.9/maven-reporting-api-2.0.9.jar
6444d000-6444f000 r--s 00008000 b3:02 252659     /home/pi/.m2/repository/org/apache/maven/surefire/surefire-booter/2.17/surefire-booter-2.17.jar
6444f000-64454000 r--s 0003c000 b3:02 252655     /home/pi/.m2/repository/org/apache/maven/surefire/maven-surefire-common/2.17/maven-surefire-common-2.17.jar
64454000-64456000 r--s 00007000 b3:02 252552     /home/pi/.m2/repository/org/apache/maven/plugins/maven-surefire-plugin/2.17/maven-surefire-plugin-2.17.jar
64456000-64459000 r--s 0001b000 b3:02 257357     /home/pi/.m2/repository/junit/junit/3.8.2/junit-3.8.2.jar
64459000-64467000 r--s 0008f000 b3:02 257355     /home/pi/.m2/repository/com/google/collections/google-collections/1.0/google-collections-1.0.jar
64467000-64468000 r--s 0000a000 b3:02 257353     /home/pi/.m2/repository/commons-logging/commons-logging-api/1.1/commons-logging-api-1.1.jar
64468000-6446f000 r--s 00051000 b3:02 257352     /home/pi/.m2/repository/log4j/log4j/1.2.12/log4j-1.2.12.jar
6446f000-64473000 r--s 0001d000 b3:02 131437     /home/pi/.m2/repository/org/apache/xbean/xbean-reflect/3.4/xbean-reflect-3.4.jar
64473000-64474000 r--s 00004000 b3:02 505482     /home/pi/.m2/repository/org/codehaus/plexus/plexus-compiler-javac/2.2/plexus-compiler-javac-2.2.jar
64474000-64476000 r--s 00000000 b3:02 505480     /home/pi/.m2/repository/org/codehaus/plexus/plexus-compiler-manager/2.2/plexus-compiler-manager-2.2.jar
64476000-64478000 r--s 00005000 b3:02 505467     /home/pi/.m2/repository/org/codehaus/plexus/plexus-compiler-api/2.2/plexus-compiler-api-2.2.jar
64478000-6447a000 r--s 00000000 b3:02 130678     /home/pi/.m2/repository/org/codehaus/plexus/plexus-component-annotations/1.5.5/plexus-component-annotations-1.5.5.jar
6447a000-6447c000 r--s 00002000 b3:02 256865     /home/pi/.m2/repository/org/apache/maven/shared/maven-shared-incremental/1.1/maven-shared-incremental-1.1.jar
6447c000-6447e000 r--s 00006000 b3:02 130959     /home/pi/.m2/repository/com/google/code/findbugs/jsr305/2.0.1/jsr305-2.0.1.jar
6447e000-64481000 r--s 00023000 b3:02 257349     /home/pi/.m2/repository/org/apache/maven/shared/maven-shared-utils/0.1/maven-shared-utils-0.1.jar
64481000-64485000 r--s 00030000 b3:02 385518     /home/pi/.m2/repository/org/codehaus/plexus/plexus-utils/1.5.1/plexus-utils-1.5.1.jar
64485000-64487000 r--s 00009000 b3:02 505399     /home/pi/.m2/repository/org/apache/maven/plugins/maven-compiler-plugin/3.1/maven-compiler-plugin-3.1.jar
64487000-64489000 r--s 0000d000 b3:02 252486     /home/pi/.m2/repository/org/codehaus/plexus/plexus-interpolation/1.13/plexus-interpolation-1.13.jar
64489000-6448a000 r--s 00001000 b3:02 131145     /home/pi/.m2/repository/org/sonatype/plexus/plexus-build-api/0.0.4/plexus-build-api-0.0.4.jar
6448a000-6448c000 r--s 00009000 b3:02 256664     /home/pi/.m2/repository/org/apache/maven/shared/maven-filtering/1.1/maven-filtering-1.1.jar
6448c000-64490000 r--s 00033000 b3:02 131781     /home/pi/.m2/repository/org/codehaus/plexus/plexus-utils/2.0.5/plexus-utils-2.0.5.jar
64490000-64493000 r--s 0001b000 b3:02 131153     /home/pi/.m2/repository/junit/junit/3.8.1/junit-3.8.1.jar
64493000-64495000 r--s 00002000 b3:02 130655     /home/pi/.m2/repository/org/codehaus/plexus/plexus-interactivity-api/1.0-alpha-4/plexus-interactivity-api-1.0-alpha-4.jar
64495000-64497000 r--s 00006000 b3:02 131468     /home/pi/.m2/repository/commons-cli/commons-cli/1.0/commons-cli-1.0.jar
64497000-64498000 r--s 00001000 b3:02 131465     /home/pi/.m2/repository/org/apache/maven/doxia/doxia-sink-api/1.0-alpha-7/doxia-sink-api-1.0-alpha-7.jar
64498000-6449c000 r--s 00034000 b3:02 131446     /home/pi/.m2/repository/org/codehaus/plexus/plexus-utils/3.0/plexus-utils-3.0.jar
6449c000-644aa000 r-xp 00000000 b3:02 126549     /usr/lib/jvm/jdk-8-oracle-arm32-vfp-hflt/jre/lib/arm/libnio.so
644aa000-644b1000 ---p 0000e000 b3:02 126549     /usr/lib/jvm/jdk-8-oracle-arm32-vfp-hflt/jre/lib/arm/libnio.so
644b1000-644b2000 rw-p 0000d000 b3:02 126549     /usr/lib/jvm/jdk-8-oracle-arm32-vfp-hflt/jre/lib/arm/libnio.so
644b2000-644c5000 r-xp 00000000 b3:02 126543     /usr/lib/jvm/jdk-8-oracle-arm32-vfp-hflt/jre/lib/arm/libnet.so
644c5000-644cd000 ---p 00013000 b3:02 126543     /usr/lib/jvm/jdk-8-oracle-arm32-vfp-hflt/jre/lib/arm/libnet.so
644cd000-644ce000 rw-p 00013000 b3:02 126543     /usr/lib/jvm/jdk-8-oracle-arm32-vfp-hflt/jre/lib/arm/libnet.so
644ce000-64500000 r--s 00211000 b3:02 40597      /usr/share/java/wagon-http-shaded-2.x.jar
64500000-64521000 rw-p 00000000 00:00 0 
64521000-64600000 ---p 00000000 00:00 0 
64600000-646ff000 rw-p 00000000 00:00 0 
646ff000-64700000 ---p 00000000 00:00 0 
64700000-647fc000 rw-p 00000000 00:00 0 
647fc000-64800000 ---p 00000000 00:00 0 
64800000-64801000 ---p 00000000 00:00 0 
64801000-64880000 rw-p 00000000 00:00 0 
64880000-64883000 ---p 00000000 00:00 0 
64883000-64900000 rw-p 00000000 00:00 0 
64900000-64921000 rw-p 00000000 00:00 0 
64921000-64a00000 ---p 00000000 00:00 0 
64a00000-64a01000 r--s 00002000 b3:02 131463     /home/pi/.m2/repository/org/apache/maven/reporting/maven-reporting-api/2.0.6/maven-reporting-api-2.0.6.jar
64a01000-64a03000 r--s 00006000 b3:02 252542     /home/pi/.m2/repository/org/apache/maven/plugins/maven-resources-plugin/2.6/maven-resources-plugin-2.6.jar
64a03000-64a05000 r--s 00005000 b3:02 131731     /home/pi/.m2/repository/org/apache/maven/plugins/maven-clean-plugin/2.5/maven-clean-plugin-2.5.jar
64a05000-64a0a000 r--s 00096000 b3:02 126469     /usr/lib/jvm/jdk-8-oracle-arm32-vfp-hflt/jre/lib/jsse.jar
64a0a000-64a11000 r--s 00041000 b3:02 40624      /usr/share/java/maven3-compat-3.3.9.jar
64a11000-64a13000 r--s 00013000 b3:02 40625      /usr/share/java/maven3-embedder-3.3.9.jar
64a13000-64a15000 r--s 0000a000 b3:02 40622      /usr/share/java/maven3-plugin-api-3.3.9.jar
64a15000-64a17000 r--s 00001000 b3:02 40358      /usr/share/java/aopalliance-1.0.jar
64a17000-64a1c000 r--s 0002e000 b3:02 40041      /usr/share/java/commons-io.jar
64a1c000-64a1e000 r--s 0000a000 b3:02 40009      /usr/share/java/commons-cli.jar
64a1e000-64a25000 r--s 00054000 b3:02 40581      /usr/share/java/sisu-inject.jar
64a25000-64a2a000 r--s 00025000 b3:02 40614      /usr/share/java/maven3-model-builder-3.3.9.jar
64a2a000-64a38000 r--s 00099000 b3:02 40372      /usr/share/java/guice.jar
64a38000-64a65000 r--s 00208000 b3:02 40258      /usr/share/java/guava.jar
64a65000-64c00000 r--p 00000000 b3:02 958        /usr/lib/locale/locale-archive
64c00000-64c21000 rw-p 00000000 00:00 0 
64c21000-64d00000 ---p 00000000 00:00 0 
64d00000-64d21000 rw-p 00000000 00:00 0 
64d21000-64e00000 ---p 00000000 00:00 0 
64e00000-64e08000 r--s 00068000 b3:02 40053      /usr/share/java/commons-lang3.jar
64e08000-64e0c000 r--s 00038000 b3:02 40546      /usr/share/java/plexus-utils2.jar
64e0c000-64e10000 r--s 00020000 b3:02 40342      /usr/share/java/eclipse-aether-util.jar
64e10000-64e13000 ---p 00000000 00:00 0 
64e13000-64e60000 rw-p 00000000 00:00 0 
64e60000-64e63000 ---p 00000000 00:00 0 
64e63000-64eb0000 rw-p 00000000 00:00 0 
64eb0000-64eb3000 ---p 00000000 00:00 0 
64eb3000-64f00000 rw-p 00000000 00:00 0 
64f00000-64f46000 rw-p 00000000 00:00 0 
64f46000-65000000 ---p 00000000 00:00 0 
65000000-65001000 r--s 00006000 b3:02 40484      /usr/share/java/plexus-sec-dispatcher.jar
65001000-65002000 r--s 0000a000 b3:02 40615      /usr/share/java/maven3-settings-3.3.9.jar
65002000-65003000 r--s 00002000 b3:02 40218      /usr/share/java/slf4j-simple.jar
65003000-65010000 r--s 0008d000 b3:02 40623      /usr/share/java/maven3-core-3.3.9.jar
65010000-65012000 r--s 00002000 b3:02 40478      /usr/share/java/plexus-cipher.jar
65012000-65014000 r--s 0000e000 b3:02 40174      /usr/share/java/plexus-interpolation.jar
65014000-65017000 ---p 00000000 00:00 0 
65017000-65064000 rw-p 00000000 00:00 0 
65064000-65065000 ---p 00000000 00:00 0 
65065000-65133000 rw-p 00000000 00:00 0 
65133000-6530b000 r--s 03d20000 b3:02 126508     /usr/lib/jvm/jdk-8-oracle-arm32-vfp-hflt/jre/lib/rt.jar
6530b000-657ac000 rw-p 00000000 00:00 0 
657ac000-657b2000 ---p 00000000 00:00 0 
657b2000-657bf000 rw-p 00000000 00:00 0 
657bf000-65800000 ---p 00000000 00:00 0 
65800000-663e0000 rw-p 00000000 00:00 0 
663e0000-6a540000 ---p 00000000 00:00 0 
6a540000-6bd72000 rw-p 00000000 00:00 0 
6c6cc000-74000000 ---p 00000000 00:00 0 
74000000-74001000 r--s 00006000 b3:02 40619      /usr/share/java/maven3-repository-metadata-3.3.9.jar
74001000-74006000 r--s 0001d000 b3:02 40335      /usr/share/java/eclipse-aether-api.jar
74006000-74007000 r--s 00001000 b3:02 40593      /usr/share/java/wagon-file-2.x.jar
74007000-74008000 r--s 00008000 b3:02 40337      /usr/share/java/eclipse-aether-connector-basic.jar
74008000-7400a000 r--s 0000a000 b3:02 40599      /usr/share/java/wagon-provider-api-2.x.jar
7400a000-74010000 r--s 0004f000 b3:02 40245      /usr/share/java/jsoup.jar
74010000-74014000 r--s 00027000 b3:02 40343      /usr/share/java/eclipse-aether-impl.jar
74014000-74015000 r--s 00000000 b3:02 39977      /usr/share/java/geronimo-interceptor-3.0-spec-1.0.1.jar
74015000-74017000 r--s 00012000 b3:02 2295       /usr/share/java/el-api-3.0.jar
74017000-74018000 r--s 00000000 b3:02 39963      /usr/share/java/atinject-jsr330-api-1.0.jar
74018000-7401b000 r--s 00008000 b3:02 39991      /usr/share/java/cdi-api-1.0.jar
7401b000-74022000 r--s 0002c000 b3:02 40587      /usr/share/java/sisu-plexus.jar
74022000-74024000 r--s 00027000 b3:02 40616      /usr/share/java/maven3-model-3.3.9.jar
74024000-74027000 r--s 0000a000 b3:02 40620      /usr/share/java/maven3-artifact-3.3.9.jar
74027000-74028000 r--s 00009000 b3:02 40212      /usr/share/java/slf4j-api.jar
74028000-74029000 r--s 00004000 b3:02 39964      /usr/share/java/atinject-jsr330-tck-1.0.jar
74029000-7402b000 r--s 00006000 b3:02 40336      /usr/share/java/eclipse-aether-spi.jar
7402b000-7402d000 r--s 00005000 b3:02 40338      /usr/share/java/eclipse-aether-transport-wagon.jar
7402d000-74031000 r--s 00041000 b3:02 40047      /usr/share/java/commons-lang-2.6.jar
74031000-74037000 rw-p 00000000 00:00 0 
74037000-74057000 ---p 00000000 00:00 0 
74057000-74064000 rw-p 00000000 00:00 0 
74064000-740a5000 ---p 00000000 00:00 0 
740a5000-740b5000 rw-p 00000000 00:00 0 
740b5000-74126000 ---p 00000000 00:00 0 
74126000-744ae000 rwxp 00000000 00:00 0 
744ae000-76126000 ---p 00000000 00:00 0 
76126000-7613d000 r-xp 00000000 b3:02 126525     /usr/lib/jvm/jdk-8-oracle-arm32-vfp-hflt/jre/lib/arm/libzip.so
7613d000-76144000 ---p 00017000 b3:02 126525     /usr/lib/jvm/jdk-8-oracle-arm32-vfp-hflt/jre/lib/arm/libzip.so
76144000-76145000 rw-p 00016000 b3:02 126525     /usr/lib/jvm/jdk-8-oracle-arm32-vfp-hflt/jre/lib/arm/libzip.so
76145000-7614e000 r-xp 00000000 b3:02 1942       /lib/arm-linux-gnueabihf/libnss_files-2.24.so
7614e000-7615d000 ---p 00009000 b3:02 1942       /lib/arm-linux-gnueabihf/libnss_files-2.24.so
7615d000-7615e000 r--p 00008000 b3:02 1942       /lib/arm-linux-gnueabihf/libnss_files-2.24.so
7615e000-7615f000 rw-p 00009000 b3:02 1942       /lib/arm-linux-gnueabihf/libnss_files-2.24.so
7615f000-76165000 rw-p 00000000 00:00 0 
76165000-7616e000 r-xp 00000000 b3:02 1950       /lib/arm-linux-gnueabihf/libnss_nis-2.24.so
7616e000-7617d000 ---p 00009000 b3:02 1950       /lib/arm-linux-gnueabihf/libnss_nis-2.24.so
7617d000-7617e000 r--p 00008000 b3:02 1950       /lib/arm-linux-gnueabihf/libnss_nis-2.24.so
7617e000-7617f000 rw-p 00009000 b3:02 1950       /lib/arm-linux-gnueabihf/libnss_nis-2.24.so
7617f000-76190000 r-xp 00000000 b3:02 1939       /lib/arm-linux-gnueabihf/libnsl-2.24.so
76190000-7619f000 ---p 00011000 b3:02 1939       /lib/arm-linux-gnueabihf/libnsl-2.24.so
7619f000-761a0000 r--p 00010000 b3:02 1939       /lib/arm-linux-gnueabihf/libnsl-2.24.so
761a0000-761a1000 rw-p 00011000 b3:02 1939       /lib/arm-linux-gnueabihf/libnsl-2.24.so
761a1000-761a3000 rw-p 00000000 00:00 0 
761a3000-761a9000 r-xp 00000000 b3:02 1940       /lib/arm-linux-gnueabihf/libnss_compat-2.24.so
761a9000-761b8000 ---p 00006000 b3:02 1940       /lib/arm-linux-gnueabihf/libnss_compat-2.24.so
761b8000-761b9000 r--p 00005000 b3:02 1940       /lib/arm-linux-gnueabihf/libnss_compat-2.24.so
761b9000-761ba000 rw-p 00006000 b3:02 1940       /lib/arm-linux-gnueabihf/libnss_compat-2.24.so
761ba000-761c2000 rw-s 00000000 b3:02 259936     /tmp/hsperfdata_pi/17449
761c2000-761e5000 r-xp 00000000 b3:02 126551     /usr/lib/jvm/jdk-8-oracle-arm32-vfp-hflt/jre/lib/arm/libjava.so
761e5000-761ed000 ---p 00023000 b3:02 126551     /usr/lib/jvm/jdk-8-oracle-arm32-vfp-hflt/jre/lib/arm/libjava.so
761ed000-761ee000 rw-p 00023000 b3:02 126551     /usr/lib/jvm/jdk-8-oracle-arm32-vfp-hflt/jre/lib/arm/libjava.so
761ee000-761f7000 r-xp 00000000 b3:02 126558     /usr/lib/jvm/jdk-8-oracle-arm32-vfp-hflt/jre/lib/arm/libverify.so
761f7000-761ff000 ---p 00009000 b3:02 126558     /usr/lib/jvm/jdk-8-oracle-arm32-vfp-hflt/jre/lib/arm/libverify.so
761ff000-76200000 rw-p 00009000 b3:02 126558     /usr/lib/jvm/jdk-8-oracle-arm32-vfp-hflt/jre/lib/arm/libverify.so
76200000-762f9000 rw-p 00000000 00:00 0 
762f9000-76300000 ---p 00000000 00:00 0 
76300000-76301000 r--s 00001000 b3:02 40598      /usr/share/java/wagon-http-shared-2.x.jar
76301000-76303000 r--s 00001000 b3:02 40617      /usr/share/java/maven3-builder-support-3.3.9.jar
76303000-76309000 r-xp 00000000 b3:02 1968       /lib/arm-linux-gnueabihf/librt-2.24.so
76309000-76318000 ---p 00006000 b3:02 1968       /lib/arm-linux-gnueabihf/librt-2.24.so
76318000-76319000 r--p 00005000 b3:02 1968       /lib/arm-linux-gnueabihf/librt-2.24.so
76319000-7631a000 rw-p 00006000 b3:02 1968       /lib/arm-linux-gnueabihf/librt-2.24.so
7631a000-7631d000 ---p 00000000 00:00 0 
7631d000-7636a000 rw-p 00000000 00:00 0 
7636a000-763d7000 r-xp 00000000 b3:02 1930       /lib/arm-linux-gnueabihf/libm-2.24.so
763d7000-763e7000 ---p 0006d000 b3:02 1930       /lib/arm-linux-gnueabihf/libm-2.24.so
763e7000-763e8000 r--p 0006d000 b3:02 1930       /lib/arm-linux-gnueabihf/libm-2.24.so
763e8000-763e9000 rw-p 0006e000 b3:02 1930       /lib/arm-linux-gnueabihf/libm-2.24.so
763e9000-7696c000 r-xp 00000000 b3:02 126523     /usr/lib/jvm/jdk-8-oracle-arm32-vfp-hflt/jre/lib/arm/client/libjvm.so
7696c000-76974000 ---p 00583000 b3:02 126523     /usr/lib/jvm/jdk-8-oracle-arm32-vfp-hflt/jre/lib/arm/client/libjvm.so
76974000-769a0000 rw-p 00583000 b3:02 126523     /usr/lib/jvm/jdk-8-oracle-arm32-vfp-hflt/jre/lib/arm/client/libjvm.so
769a0000-76dc3000 rw-p 00000000 00:00 0 
76dc3000-76ddf000 r-xp 00000000 b3:02 1918       /lib/arm-linux-gnueabihf/libgcc_s.so.1
76ddf000-76dee000 ---p 0001c000 b3:02 1918       /lib/arm-linux-gnueabihf/libgcc_s.so.1
76dee000-76def000 r--p 0001b000 b3:02 1918       /lib/arm-linux-gnueabihf/libgcc_s.so.1
76def000-76df0000 rw-p 0001c000 b3:02 1918       /lib/arm-linux-gnueabihf/libgcc_s.so.1
76df0000-76f19000 r-xp 00000000 b3:02 1903       /lib/arm-linux-gnueabihf/libc-2.24.so
76f19000-76f29000 ---p 00129000 b3:02 1903       /lib/arm-linux-gnueabihf/libc-2.24.so
76f29000-76f2b000 r--p 00129000 b3:02 1903       /lib/arm-linux-gnueabihf/libc-2.24.so
76f2b000-76f2c000 rw-p 0012b000 b3:02 1903       /lib/arm-linux-gnueabihf/libc-2.24.so
76f2c000-76f2f000 rw-p 00000000 00:00 0 
76f2f000-76f31000 r-xp 00000000 b3:02 1912       /lib/arm-linux-gnueabihf/libdl-2.24.so
76f31000-76f40000 ---p 00002000 b3:02 1912       /lib/arm-linux-gnueabihf/libdl-2.24.so
76f40000-76f41000 r--p 00001000 b3:02 1912       /lib/arm-linux-gnueabihf/libdl-2.24.so
76f41000-76f42000 rw-p 00002000 b3:02 1912       /lib/arm-linux-gnueabihf/libdl-2.24.so
76f42000-76f56000 r-xp 00000000 b3:02 126415     /usr/lib/jvm/jdk-8-oracle-arm32-vfp-hflt/lib/arm/jli/libjli.so
76f56000-76f5e000 ---p 00014000 b3:02 126415     /usr/lib/jvm/jdk-8-oracle-arm32-vfp-hflt/lib/arm/jli/libjli.so
76f5e000-76f5f000 rw-p 00014000 b3:02 126415     /usr/lib/jvm/jdk-8-oracle-arm32-vfp-hflt/lib/arm/jli/libjli.so
76f5f000-76f75000 r-xp 00000000 b3:02 1964       /lib/arm-linux-gnueabihf/libpthread-2.24.so
76f75000-76f84000 ---p 00016000 b3:02 1964       /lib/arm-linux-gnueabihf/libpthread-2.24.so
76f84000-76f85000 r--p 00015000 b3:02 1964       /lib/arm-linux-gnueabihf/libpthread-2.24.so
76f85000-76f86000 rw-p 00016000 b3:02 1964       /lib/arm-linux-gnueabihf/libpthread-2.24.so
76f86000-76f88000 rw-p 00000000 00:00 0 
76f88000-76f8d000 r-xp 00000000 b3:02 10591      /usr/lib/arm-linux-gnueabihf/libarmmem.so
76f8d000-76f9c000 ---p 00005000 b3:02 10591      /usr/lib/arm-linux-gnueabihf/libarmmem.so
76f9c000-76f9d000 r--p 00004000 b3:02 10591      /usr/lib/arm-linux-gnueabihf/libarmmem.so
76f9d000-76f9e000 rw-p 00005000 b3:02 10591      /usr/lib/arm-linux-gnueabihf/libarmmem.so
76f9e000-76fbf000 r-xp 00000000 b3:02 1855       /lib/arm-linux-gnueabihf/ld-2.24.so
76fbf000-76fc1000 r--s 00000000 b3:02 40540      /usr/share/java/plexus-component-annotations-1.5.jar
76fc1000-76fc3000 rw-p 00000000 00:00 0 
76fc3000-76fc6000 r--s 00007000 b3:02 40618      /usr/share/java/maven3-settings-builder-3.3.9.jar
76fc6000-76fc8000 r--s 0000d000 b3:02 40621      /usr/share/java/maven3-aether-provider-3.3.9.jar
76fc8000-76fca000 r--s 0000a000 b3:02 40534      /usr/share/java/plexus-classworlds2-2.5.2.jar
76fca000-76fcb000 ---p 00000000 00:00 0 
76fcb000-76fce000 rw-p 00000000 00:00 0 
76fce000-76fcf000 r--p 00020000 b3:02 1855       /lib/arm-linux-gnueabihf/ld-2.24.so
76fcf000-76fd0000 rw-p 00021000 b3:02 1855       /lib/arm-linux-gnueabihf/ld-2.24.so
7ee31000-7ee52000 rw-p 00000000 00:00 0          [stack]
7ef3f000-7ef40000 r-xp 00000000 00:00 0          [sigpage]
7ef40000-7ef41000 r--p 00000000 00:00 0          [vvar]
7ef41000-7ef42000 r-xp 00000000 00:00 0          [vdso]
ffff0000-ffff1000 r-xp 00000000 00:00 0          [vectors]

VM Arguments:
jvm_args: -Dclassworlds.conf=/usr/share/maven/bin/m2.conf -Dmaven.home=/usr/share/maven -Dmaven.multiModuleProjectDirectory=/home/pi/tesisgiotec 
java_command: org.codehaus.plexus.classworlds.launcher.Launcher clean package
java_class_path (initial): /usr/share/maven/boot/plexus-classworlds-2.x.jar
Launcher Type: SUN_STANDARD

Environment Variables:
JAVA_HOME=/usr/lib/jvm/jdk-8-oracle-arm32-vfp-hflt
PATH=/usr/local/sbin:/usr/local/bin:/usr/sbin:/usr/bin:/sbin:/bin:/usr/local/games:/usr/games
SHELL=/bin/bash

Signal Handlers:
SIGSEGV: [libjvm.so+0x506638], sa_mask[0]=11111111011111111101111111111110, sa_flags=SA_RESTART|SA_SIGINFO
SIGBUS: [libjvm.so+0x506638], sa_mask[0]=11111111011111111101111111111110, sa_flags=SA_RESTART|SA_SIGINFO
SIGFPE: [libjvm.so+0x3fd4ec], sa_mask[0]=11111111011111111101111111111110, sa_flags=SA_RESTART|SA_SIGINFO
SIGPIPE: [libjvm.so+0x3fd4ec], sa_mask[0]=11111111011111111101111111111110, sa_flags=SA_RESTART|SA_SIGINFO
SIGXFSZ: [libjvm.so+0x3fd4ec], sa_mask[0]=11111111011111111101111111111110, sa_flags=SA_RESTART|SA_SIGINFO
SIGILL: [libjvm.so+0x3fd4ec], sa_mask[0]=11111111011111111101111111111110, sa_flags=SA_RESTART|SA_SIGINFO
SIGUSR1: SIG_DFL, sa_mask[0]=00000000000000000000000000000000, sa_flags=none
SIGUSR2: [libjvm.so+0x3fd650], sa_mask[0]=00000000000000000000000000000000, sa_flags=SA_RESTART|SA_SIGINFO
SIGHUP: [libjvm.so+0x3fda84], sa_mask[0]=11111111011111111101111111111110, sa_flags=SA_RESTART|SA_SIGINFO
SIGINT: SIG_IGN, sa_mask[0]=00000000000000000000000000000000, sa_flags=none
SIGTERM: [libjvm.so+0x3fda84], sa_mask[0]=11111111011111111101111111111110, sa_flags=SA_RESTART|SA_SIGINFO
SIGQUIT: [libjvm.so+0x3fda84], sa_mask[0]=11111111011111111101111111111110, sa_flags=SA_RESTART|SA_SIGINFO


---------------  S Y S T E M  ---------------

OS:PRETTY_NAME="Raspbian GNU/Linux 9 (stretch)"
NAME="Raspbian GNU/Linux"
VERSION_ID="9"
VERSION="9 (stretch)"
ID=raspbian
ID_LIKE=debian
HOME_URL="http://www.raspbian.org/"
SUPPORT_URL="http://www.raspbian.org/RaspbianForums"
BUG_REPORT_URL="http://www.raspbian.org/RaspbianBugs"

uname:Linux 4.14.79-v7+ #1159 SMP Sun Nov 4 17:50:20 GMT 2018 armv7l
libc: